01/03/2019 11:01:49 AM this is warning H:/projectreposity/pythonalex/day1213/hashlib_test.py 22
01/03/2019 11:01:49 AM this is critical H:/projectreposity/pythonalex/day1213/hashlib_test.py 23
01/03/2019 11:01:49 AM this is error H:/projectreposity/pythonalex/day1213/hashlib_test.py 24
01/03/2019 11:01:49 AM this is debug H:/projectreposity/pythonalex/day1213/hashlib_test.py 26
01/03/2019 11:01:49 AM this is info H:/projectreposity/pythonalex/day1213/hashlib_test.py 27
01/03/2019 11:19:28 AM this is warning H:/projectreposity/pythonalex/day1213/hashlib_test.py 22
01/03/2019 11:19:28 AM this is critical H:/projectreposity/pythonalex/day1213/hashlib_test.py 23
01/03/2019 11:19:28 AM this is error H:/projectreposity/pythonalex/day1213/hashlib_test.py 24
01/03/2019 11:19:28 AM this is debug H:/projectreposity/pythonalex/day1213/hashlib_test.py 26
01/03/2019 11:19:28 AM this is info H:/projectreposity/pythonalex/day1213/hashlib_test.py 27
01/03/2019 11:19:44 AM this is warning H:/projectreposity/pythonalex/day1213/hashlib_test.py 22
01/03/2019 11:19:44 AM this is critical H:/projectreposity/pythonalex/day1213/hashlib_test.py 23
01/03/2019 11:19:44 AM this is error H:/projectreposity/pythonalex/day1213/hashlib_test.py 24
01/03/2019 11:19:44 AM this is debug H:/projectreposity/pythonalex/day1213/hashlib_test.py 26
01/03/2019 11:19:44 AM this is info H:/projectreposity/pythonalex/day1213/hashlib_test.py 27
01/03/2019 11:20:13 AM this is warning H:/projectreposity/pythonalex/day1213/hashlib_test.py 22
01/03/2019 11:20:13 AM this is critical H:/projectreposity/pythonalex/day1213/hashlib_test.py 23
01/03/2019 11:20:13 AM this is error H:/projectreposity/pythonalex/day1213/hashlib_test.py 24
01/03/2019 11:20:13 AM this is debug H:/projectreposity/pythonalex/day1213/hashlib_test.py 26
01/03/2019 11:20:13 AM this is info H:/projectreposity/pythonalex/day1213/hashlib_test.py 27
01/03/2019 11:23:24 AM this is warning H:/projectreposity/pythonalex/day1213/hashlib_test.py 22
01/03/2019 11:23:24 AM this is critical H:/projectreposity/pythonalex/day1213/hashlib_test.py 23
01/03/2019 11:23:24 AM this is error H:/projectreposity/pythonalex/day1213/hashlib_test.py 24
01/03/2019 11:23:24 AM this is debug H:/projectreposity/pythonalex/day1213/hashlib_test.py 26
01/03/2019 11:23:24 AM this is info H:/projectreposity/pythonalex/day1213/hashlib_test.py 27
01/03/2019 11:23:33 AM this is warning H:/projectreposity/pythonalex/day1213/hashlib_test.py 22
01/03/2019 11:23:33 AM this is critical H:/projectreposity/pythonalex/day1213/hashlib_test.py 23
01/03/2019 11:23:33 AM this is error H:/projectreposity/pythonalex/day1213/hashlib_test.py 24
01/03/2019 11:23:33 AM this is debug H:/projectreposity/pythonalex/day1213/hashlib_test.py 26
01/03/2019 11:23:33 AM this is info H:/projectreposity/pythonalex/day1213/hashlib_test.py 27
01/03/2019 11:23:40 AM this is warning H:/projectreposity/pythonalex/day1213/hashlib_test.py 22
01/03/2019 11:23:40 AM this is critical H:/projectreposity/pythonalex/day1213/hashlib_test.py 23
01/03/2019 11:23:40 AM this is error H:/projectreposity/pythonalex/day1213/hashlib_test.py 24
01/03/2019 11:23:40 AM this is debug H:/projectreposity/pythonalex/day1213/hashlib_test.py 26
01/03/2019 11:23:40 AM this is info H:/projectreposity/pythonalex/day1213/hashlib_test.py 27
01/03/2019 11:24:03 AM this is warning H:/projectreposity/pythonalex/day1213/hashlib_test.py 22
01/03/2019 11:24:03 AM this is critical H:/projectreposity/pythonalex/day1213/hashlib_test.py 23
01/03/2019 11:24:03 AM this is error H:/projectreposity/pythonalex/day1213/hashlib_test.py 24
01/03/2019 11:24:03 AM this is debug H:/projectreposity/pythonalex/day1213/hashlib_test.py 26
01/03/2019 11:24:03 AM this is info H:/projectreposity/pythonalex/day1213/hashlib_test.py 27
01/03/2019 11:24:09 AM this is warning H:/projectreposity/pythonalex/day1213/hashlib_test.py 22
01/03/2019 11:24:09 AM this is critical H:/projectreposity/pythonalex/day1213/hashlib_test.py 23
01/03/2019 11:24:09 AM this is error H:/projectreposity/pythonalex/day1213/hashlib_test.py 24
01/03/2019 11:24:09 AM this is debug H:/projectreposity/pythonalex/day1213/hashlib_test.py 26
01/03/2019 11:24:09 AM this is info H:/projectreposity/pythonalex/day1213/hashlib_test.py 27
01/03/2019 11:24:31 AM this is warning H:/projectreposity/pythonalex/day1213/hashlib_test.py 22
01/03/2019 11:24:31 AM this is critical H:/projectreposity/pythonalex/day1213/hashlib_test.py 23
01/03/2019 11:24:31 AM this is error H:/projectreposity/pythonalex/day1213/hashlib_test.py 24
01/03/2019 11:24:31 AM this is debug H:/projectreposity/pythonalex/day1213/hashlib_test.py 26
01/03/2019 11:24:31 AM this is info H:/projectreposity/pythonalex/day1213/hashlib_test.py 27
01/03/2019 11:25:14 AM this is warning H:/projectreposity/pythonalex/day1213/hashlib_test.py 22
01/03/2019 11:25:14 AM this is critical H:/projectreposity/pythonalex/day1213/hashlib_test.py 23
01/03/2019 11:25:14 AM this is error H:/projectreposity/pythonalex/day1213/hashlib_test.py 24
01/03/2019 11:25:14 AM this is debug H:/projectreposity/pythonalex/day1213/hashlib_test.py 26
01/03/2019 11:25:14 AM this is info H:/projectreposity/pythonalex/day1213/hashlib_test.py 27
01/03/2019 11:25:23 AM this is warning H:/projectreposity/pythonalex/day1213/hashlib_test.py 22
01/03/2019 11:25:23 AM this is critical H:/projectreposity/pythonalex/day1213/hashlib_test.py 23
01/03/2019 11:25:23 AM this is error H:/projectreposity/pythonalex/day1213/hashlib_test.py 24
01/03/2019 11:25:23 AM this is debug H:/projectreposity/pythonalex/day1213/hashlib_test.py 26
01/03/2019 11:25:23 AM this is info H:/projectreposity/pythonalex/day1213/hashlib_test.py 27
01/03/2019 11:25:39 AM this is warning H:/projectreposity/pythonalex/day1213/hashlib_test.py 22
01/03/2019 11:25:39 AM this is critical H:/projectreposity/pythonalex/day1213/hashlib_test.py 23
01/03/2019 11:25:39 AM this is error H:/projectreposity/pythonalex/day1213/hashlib_test.py 24
01/03/2019 11:25:39 AM this is debug H:/projectreposity/pythonalex/day1213/hashlib_test.py 26
01/03/2019 11:25:39 AM this is info H:/projectreposity/pythonalex/day1213/hashlib_test.py 27
01/03/2019 11:25:50 AM this is warning H:/projectreposity/pythonalex/day1213/hashlib_test.py 22
01/03/2019 11:25:50 AM this is critical H:/projectreposity/pythonalex/day1213/hashlib_test.py 23
01/03/2019 11:25:50 AM this is error H:/projectreposity/pythonalex/day1213/hashlib_test.py 24
01/03/2019 11:25:50 AM this is debug H:/projectreposity/pythonalex/day1213/hashlib_test.py 26
01/03/2019 11:25:50 AM this is info H:/projectreposity/pythonalex/day1213/hashlib_test.py 27
01/03/2019 11:25:59 AM this is warning H:/projectreposity/pythonalex/day1213/hashlib_test.py 22
01/03/2019 11:25:59 AM this is critical H:/projectreposity/pythonalex/day1213/hashlib_test.py 23
01/03/2019 11:25:59 AM this is error H:/projectreposity/pythonalex/day1213/hashlib_test.py 24
01/03/2019 11:25:59 AM this is debug H:/projectreposity/pythonalex/day1213/hashlib_test.py 26
01/03/2019 11:25:59 AM this is info H:/projectreposity/pythonalex/day1213/hashlib_test.py 27
01/03/2019 11:26:07 AM this is warning H:/projectreposity/pythonalex/day1213/hashlib_test.py 22
01/03/2019 11:26:07 AM this is critical H:/projectreposity/pythonalex/day1213/hashlib_test.py 23
01/03/2019 11:26:07 AM this is error H:/projectreposity/pythonalex/day1213/hashlib_test.py 24
01/03/2019 11:26:07 AM this is debug H:/projectreposity/pythonalex/day1213/hashlib_test.py 26
01/03/2019 11:26:07 AM this is info H:/projectreposity/pythonalex/day1213/hashlib_test.py 27
01/03/2019 11:28:04 AM this is warning H:/projectreposity/pythonalex/day1213/hashlib_test.py 22
01/03/2019 11:28:04 AM this is critical H:/projectreposity/pythonalex/day1213/hashlib_test.py 23
01/03/2019 11:28:04 AM this is error H:/projectreposity/pythonalex/day1213/hashlib_test.py 24
01/03/2019 11:28:04 AM this is debug H:/projectreposity/pythonalex/day1213/hashlib_test.py 26
01/03/2019 11:28:04 AM this is info H:/projectreposity/pythonalex/day1213/hashlib_test.py 27
01/03/2019 11:40:18 AM this is warning H:/projectreposity/pythonalex/day1213/hashlib_test.py 22
01/03/2019 11:40:18 AM this is critical H:/projectreposity/pythonalex/day1213/hashlib_test.py 23
01/03/2019 11:40:18 AM this is error H:/projectreposity/pythonalex/day1213/hashlib_test.py 24
01/03/2019 11:40:18 AM this is debug H:/projectreposity/pythonalex/day1213/hashlib_test.py 26
01/03/2019 11:40:18 AM this is info H:/projectreposity/pythonalex/day1213/hashlib_test.py 27
01/03/2019 11:40:35 AM this is warning H:/projectreposity/pythonalex/day1213/hashlib_test.py 22
01/03/2019 11:40:35 AM this is critical H:/projectreposity/pythonalex/day1213/hashlib_test.py 23
01/03/2019 11:40:35 AM this is error H:/projectreposity/pythonalex/day1213/hashlib_test.py 24
01/03/2019 11:40:35 AM this is debug H:/projectreposity/pythonalex/day1213/hashlib_test.py 26
01/03/2019 11:40:35 AM this is info H:/projectreposity/pythonalex/day1213/hashlib_test.py 27
01/03/2019 11:40:51 AM this is warning H:/projectreposity/pythonalex/day1213/hashlib_test.py 22
01/03/2019 11:40:51 AM this is critical H:/projectreposity/pythonalex/day1213/hashlib_test.py 23
01/03/2019 11:40:51 AM this is error H:/projectreposity/pythonalex/day1213/hashlib_test.py 24
01/03/2019 11:40:51 AM this is debug H:/projectreposity/pythonalex/day1213/hashlib_test.py 26
01/03/2019 11:40:51 AM this is info H:/projectreposity/pythonalex/day1213/hashlib_test.py 27
01/03/2019 11:41:48 AM this is warning H:/projectreposity/pythonalex/day1213/hashlib_test.py 22
01/03/2019 11:41:48 AM this is critical H:/projectreposity/pythonalex/day1213/hashlib_test.py 23
01/03/2019 11:41:48 AM this is error H:/projectreposity/pythonalex/day1213/hashlib_test.py 24
01/03/2019 11:41:48 AM this is debug H:/projectreposity/pythonalex/day1213/hashlib_test.py 26
01/03/2019 11:41:48 AM this is info H:/projectreposity/pythonalex/day1213/hashlib_test.py 27
01/03/2019 11:42:00 AM this is warning H:/projectreposity/pythonalex/day1213/hashlib_test.py 22
01/03/2019 11:42:00 AM this is critical H:/projectreposity/pythonalex/day1213/hashlib_test.py 23
01/03/2019 11:42:00 AM this is error H:/projectreposity/pythonalex/day1213/hashlib_test.py 24
01/03/2019 11:42:00 AM this is debug H:/projectreposity/pythonalex/day1213/hashlib_test.py 26
01/03/2019 11:42:00 AM this is info H:/projectreposity/pythonalex/day1213/hashlib_test.py 27
01/03/2019 11:44:12 AM this is warning H:/projectreposity/pythonalex/day1213/hashlib_test.py 26
01/03/2019 11:44:12 AM this is critical H:/projectreposity/pythonalex/day1213/hashlib_test.py 27
01/03/2019 11:44:12 AM this is error H:/projectreposity/pythonalex/day1213/hashlib_test.py 28
01/03/2019 11:44:12 AM this is debug H:/projectreposity/pythonalex/day1213/hashlib_test.py 30
01/03/2019 11:44:12 AM this is info H:/projectreposity/pythonalex/day1213/hashlib_test.py 31
01/03/2019 11:44:33 AM this is warning H:/projectreposity/pythonalex/day1213/hashlib_test.py 26
01/03/2019 11:44:33 AM this is critical H:/projectreposity/pythonalex/day1213/hashlib_test.py 27
01/03/2019 11:44:33 AM this is error H:/projectreposity/pythonalex/day1213/hashlib_test.py 28
01/03/2019 11:44:33 AM this is debug H:/projectreposity/pythonalex/day1213/hashlib_test.py 30
01/03/2019 11:44:33 AM this is info H:/projectreposity/pythonalex/day1213/hashlib_test.py 31
01/03/2019 11:44:48 AM this is warning H:/projectreposity/pythonalex/day1213/hashlib_test.py 26
01/03/2019 11:44:48 AM this is critical H:/projectreposity/pythonalex/day1213/hashlib_test.py 27
01/03/2019 11:44:48 AM this is error H:/projectreposity/pythonalex/day1213/hashlib_test.py 28
01/03/2019 11:44:48 AM this is debug H:/projectreposity/pythonalex/day1213/hashlib_test.py 30
01/03/2019 11:44:48 AM this is info H:/projectreposity/pythonalex/day1213/hashlib_test.py 31
01/03/2019 11:45:50 AM this is warning H:/projectreposity/pythonalex/day1213/hashlib_test.py 26
01/03/2019 11:45:50 AM this is critical H:/projectreposity/pythonalex/day1213/hashlib_test.py 27
01/03/2019 11:45:50 AM this is error H:/projectreposity/pythonalex/day1213/hashlib_test.py 28
01/03/2019 11:45:50 AM this is debug H:/projectreposity/pythonalex/day1213/hashlib_test.py 30
01/03/2019 11:45:50 AM this is info H:/projectreposity/pythonalex/day1213/hashlib_test.py 31
01/03/2019 11:46:10 AM this is warning H:/projectreposity/pythonalex/day1213/hashlib_test.py 26
01/03/2019 11:46:10 AM this is critical H:/projectreposity/pythonalex/day1213/hashlib_test.py 27
01/03/2019 11:46:10 AM this is error H:/projectreposity/pythonalex/day1213/hashlib_test.py 28
01/03/2019 11:46:10 AM this is debug H:/projectreposity/pythonalex/day1213/hashlib_test.py 30
01/03/2019 11:46:10 AM this is info H:/projectreposity/pythonalex/day1213/hashlib_test.py 31
01/03/2019 11:46:36 AM this is warning H:/projectreposity/pythonalex/day1213/hashlib_test.py 26
01/03/2019 11:46:36 AM this is critical H:/projectreposity/pythonalex/day1213/hashlib_test.py 27
01/03/2019 11:46:36 AM this is error H:/projectreposity/pythonalex/day1213/hashlib_test.py 28
01/03/2019 11:46:36 AM this is debug H:/projectreposity/pythonalex/day1213/hashlib_test.py 30
01/03/2019 11:46:36 AM this is info H:/projectreposity/pythonalex/day1213/hashlib_test.py 31
01/03/2019 11:46:47 AM this is warning H:/projectreposity/pythonalex/day1213/hashlib_test.py 26
01/03/2019 11:46:47 AM this is critical H:/projectreposity/pythonalex/day1213/hashlib_test.py 27
01/03/2019 11:46:47 AM this is error H:/projectreposity/pythonalex/day1213/hashlib_test.py 28
01/03/2019 11:46:47 AM this is debug H:/projectreposity/pythonalex/day1213/hashlib_test.py 30
01/03/2019 11:46:47 AM this is info H:/projectreposity/pythonalex/day1213/hashlib_test.py 31
01/03/2019 11:47:51 AM this is warning H:/projectreposity/pythonalex/day1213/hashlib_test.py 26
01/03/2019 11:47:51 AM this is critical H:/projectreposity/pythonalex/day1213/hashlib_test.py 27
01/03/2019 11:47:51 AM this is error H:/projectreposity/pythonalex/day1213/hashlib_test.py 28
01/03/2019 11:47:51 AM this is debug H:/projectreposity/pythonalex/day1213/hashlib_test.py 30
01/03/2019 11:47:51 AM this is info H:/projectreposity/pythonalex/day1213/hashlib_test.py 31
01/03/2019 11:52:17 AM this is warning H:/projectreposity/pythonalex/day1213/hashlib_test.py 26
01/03/2019 11:52:17 AM this is critical H:/projectreposity/pythonalex/day1213/hashlib_test.py 27
01/03/2019 11:52:17 AM this is error H:/projectreposity/pythonalex/day1213/hashlib_test.py 28
01/03/2019 11:52:17 AM this is debug H:/projectreposity/pythonalex/day1213/hashlib_test.py 30
01/03/2019 11:52:17 AM this is info H:/projectreposity/pythonalex/day1213/hashlib_test.py 31
